# JRE version: OpenJDK Runtime Environment Temurin-21.0.9+10 (21.0.9+10) (build 21.0.9+10-LTS)
# Java VM: OpenJDK 64-Bit Server VM Temurin-21.0.9+10 (21.0.9+10-LTS, mixed mode, sharing, tiered, compressed oops, compressed class ptrs, parallel gc, windows-amd64)
GC Precious Log:
 CardTable entry size: 512
 CPUs: 4 total, 4 available
 Memory: 16245M
 Large Page Support: Disabled
 NUMA Support: Disabled
 Compressed Oops: Enabled (32-bit)
 Alignments: Space 512K, Generation 512K, Heap 2M
 Heap Min Capacity: 100M
 Heap Initial Capacity: 100M
 Heap Max Capacity: 2G
 Pre-touch: Disabled
 Parallel Workers: 4
Heap:
 PSYoungGen      total 23040K, used 12025K [0x00000000d5580000, 0x00000000d7600000, 0x0000000100000000)
  eden space 21504K, 48% used [0x00000000d5580000,0x00000000d5fc26f0,0x00000000d6a80000)
  from space 1536K, 98% used [0x00000000d7000000,0x00000000d717c010,0x00000000d7180000)
  to   space 5632K, 0% used [0x00000000d6a80000,0x00000000d6a80000,0x00000000d7000000)
 ParOldGen       total 68608K, used 25380K [0x0000000080000000, 0x0000000084300000, 0x00000000d5580000)
  object space 68608K, 36% used [0x0000000080000000,0x00000000818c9250,0x0000000084300000)
 Metaspace       used 37322K, committed 38336K, reserved 1114112K
  class space    used 3829K, committed 4288K, reserved 1048576K
GC Heap History (20 events):
Event: 4.219 GC heap before
{Heap before GC invocations=9 (full 1):
 PSYoungGen      total 27136K, used 27030K [0x00000000d5580000, 0x00000000d7480000, 0x0000000100000000)
  eden space 24576K, 100% used [0x00000000d5580000,0x00000000d6d80000,0x00000000d6d80000)
  from space 2560K, 95% used [0x00000000d6e00000,0x00000000d7065b00,0x00000000d7080000)
  to   space 3584K, 0% used [0x00000000d7100000,0x00000000d7100000,0x00000000d7480000)
 ParOldGen       total 68608K, used 9861K [0x0000000080000000, 0x0000000084300000, 0x00000000d5580000)
  object space 68608K, 14% used [0x0000000080000000,0x00000000809a17b8,0x0000000084300000)
 Metaspace       used 28132K, committed 28992K, reserved 1114112K
  class space    used 2824K, committed 3200K, reserved 1048576K
}
Event: 4.223 GC heap after
{Heap after GC invocations=9 (full 1):
 PSYoungGen      total 27648K, used 3567K [0x00000000d5580000, 0x00000000d7500000, 0x0000000100000000)
  eden space 24064K, 0% used [0x00000000d5580000,0x00000000d5580000,0x00000000d6d00000)
  from space 3584K, 99% used [0x00000000d7100000,0x00000000d747bf80,0x00000000d7480000)
  to   space 4096K, 0% used [0x00000000d6d00000,0x00000000d6d00000,0x00000000d7100000)
 ParOldGen       total 68608K, used 9965K [0x0000000080000000, 0x0000000084300000, 0x00000000d5580000)
  object space 68608K, 14% used [0x0000000080000000,0x00000000809bb7b8,0x0000000084300000)
 Metaspace       used 28132K, committed 28992K, reserved 1114112K
  class space    used 2824K, committed 3200K, reserved 1048576K
}
Event: 4.534 GC heap before
{Heap before GC invocations=10 (full 1):
 PSYoungGen      total 27648K, used 27631K [0x00000000d5580000, 0x00000000d7500000, 0x0000000100000000)
  eden space 24064K, 100% used [0x00000000d5580000,0x00000000d6d00000,0x00000000d6d00000)
  from space 3584K, 99% used [0x00000000d7100000,0x00000000d747bf80,0x00000000d7480000)
  to   space 4096K, 0% used [0x00000000d6d00000,0x00000000d6d00000,0x00000000d7100000)
 ParOldGen       total 68608K, used 9965K [0x0000000080000000, 0x0000000084300000, 0x00000000d5580000)
  object space 68608K, 14% used [0x0000000080000000,0x00000000809bb7b8,0x0000000084300000)
 Metaspace       used 31428K, committed 32320K, reserved 1114112K
  class space    used 3207K, committed 3648K, reserved 1048576K
}
Event: 4.538 GC heap after
{Heap after GC invocations=10 (full 1):
 PSYoungGen      total 27648K, used 4067K [0x00000000d5580000, 0x00000000d7880000, 0x0000000100000000)
  eden space 23552K, 0% used [0x00000000d5580000,0x00000000d5580000,0x00000000d6c80000)
  from space 4096K, 99% used [0x00000000d6d00000,0x00000000d70f8fc0,0x00000000d7100000)
  to   space 6144K, 0% used [0x00000000d7280000,0x00000000d7280000,0x00000000d7880000)
 ParOldGen       total 68608K, used 11267K [0x0000000080000000, 0x0000000084300000, 0x00000000d5580000)
  object space 68608K, 16% used [0x0000000080000000,0x0000000080b00ce8,0x0000000084300000)
 Metaspace       used 31428K, committed 32320K, reserved 1114112K
  class space    used 3207K, committed 3648K, reserved 1048576K
}
Event: 4.915 GC heap before
{Heap before GC invocations=11 (full 1):
 PSYoungGen      total 27648K, used 27619K [0x00000000d5580000, 0x00000000d7880000, 0x0000000100000000)
  eden space 23552K, 100% used [0x00000000d5580000,0x00000000d6c80000,0x00000000d6c80000)
  from space 4096K, 99% used [0x00000000d6d00000,0x00000000d70f8fc0,0x00000000d7100000)
  to   space 6144K, 0% used [0x00000000d7280000,0x00000000d7280000,0x00000000d7880000)
 ParOldGen       total 68608K, used 11267K [0x0000000080000000, 0x0000000084300000, 0x00000000d5580000)
  object space 68608K, 16% used [0x0000000080000000,0x0000000080b00ce8,0x0000000084300000)
 Metaspace       used 33781K, committed 34752K, reserved 1114112K
  class space    used 3482K, committed 3904K, reserved 1048576K
}
Event: 4.918 GC heap after
{Heap after GC invocations=11 (full 1):
 PSYoungGen      total 25600K, used 2285K [0x00000000d5580000, 0x00000000d7500000, 0x0000000100000000)
  eden space 23040K, 0% used [0x00000000d5580000,0x00000000d5580000,0x00000000d6c00000)
  from space 2560K, 89% used [0x00000000d7280000,0x00000000d74bb558,0x00000000d7500000)
  to   space 3584K, 0% used [0x00000000d6e00000,0x00000000d6e00000,0x00000000d7180000)
 ParOldGen       total 68608K, used 14296K [0x0000000080000000, 0x0000000084300000, 0x00000000d5580000)
  object space 68608K, 20% used [0x0000000080000000,0x0000000080df63a0,0x0000000084300000)
 Metaspace       used 33781K, committed 34752K, reserved 1114112K
  class space    used 3482K, committed 3904K, reserved 1048576K
}
Event: 5.093 GC heap before
{Heap before GC invocations=12 (full 1):
 PSYoungGen      total 25600K, used 18882K [0x00000000d5580000, 0x00000000d7500000, 0x0000000100000000)
  eden space 23040K, 72% used [0x00000000d5580000,0x00000000d65b5520,0x00000000d6c00000)
  from space 2560K, 89% used [0x00000000d7280000,0x00000000d74bb558,0x00000000d7500000)
  to   space 3584K, 0% used [0x00000000d6e00000,0x00000000d6e00000,0x00000000d7180000)
 ParOldGen       total 68608K, used 14296K [0x0000000080000000, 0x0000000084300000, 0x00000000d5580000)
  object space 68608K, 20% used [0x0000000080000000,0x0000000080df63a0,0x0000000084300000)
 Metaspace       used 34935K, committed 35840K, reserved 1114112K
  class space    used 3604K, committed 4032K, reserved 1048576K
}
Event: 5.096 GC heap after
{Heap after GC invocations=12 (full 1):
 PSYoungGen      total 24576K, used 1272K [0x00000000d5580000, 0x00000000d7300000, 0x0000000100000000)
  eden space 23040K, 0% used [0x00000000d5580000,0x00000000d5580000,0x00000000d6c00000)
  from space 1536K, 82% used [0x00000000d6e00000,0x00000000d6f3e1d0,0x00000000d6f80000)
  to   space 2048K, 0% used [0x00000000d7100000,0x00000000d7100000,0x00000000d7300000)
 ParOldGen       total 68608K, used 16449K [0x0000000080000000, 0x0000000084300000, 0x00000000d5580000)
  object space 68608K, 23% used [0x0000000080000000,0x0000000081010640,0x0000000084300000)
 Metaspace       used 34935K, committed 35840K, reserved 1114112K
  class space    used 3604K, committed 4032K, reserved 1048576K
}
Event: 5.096 GC heap before
{Heap before GC invocations=13 (full 2):
 PSYoungGen      total 24576K, used 1272K [0x00000000d5580000, 0x00000000d7300000, 0x0000000100000000)
  eden space 23040K, 0% used [0x00000000d5580000,0x00000000d5580000,0x00000000d6c00000)
  from space 1536K, 82% used [0x00000000d6e00000,0x00000000d6f3e1d0,0x00000000d6f80000)
  to   space 2048K, 0% used [0x00000000d7100000,0x00000000d7100000,0x00000000d7300000)
 ParOldGen       total 68608K, used 16449K [0x0000000080000000, 0x0000000084300000, 0x00000000d5580000)
  object space 68608K, 23% used [0x0000000080000000,0x0000000081010640,0x0000000084300000)
 Metaspace       used 34935K, committed 35840K, reserved 1114112K
  class space    used 3604K, committed 4032K, reserved 1048576K
}
Event: 5.127 GC heap after
{Heap after GC invocations=13 (full 2):
 PSYoungGen      total 24576K, used 0K [0x00000000d5580000, 0x00000000d7300000, 0x0000000100000000)
  eden space 23040K, 0% used [0x00000000d5580000,0x00000000d5580000,0x00000000d6c00000)
  from space 1536K, 0% used [0x00000000d6e00000,0x00000000d6e00000,0x00000000d6f80000)
  to   space 2048K, 0% used [0x00000000d7100000,0x00000000d7100000,0x00000000d7300000)
 ParOldGen       total 68608K, used 16400K [0x0000000080000000, 0x0000000084300000, 0x00000000d5580000)
  object space 68608K, 23% used [0x0000000080000000,0x0000000081004088,0x0000000084300000)
 Metaspace       used 34935K, committed 35840K, reserved 1114112K
  class space    used 3604K, committed 4032K, reserved 1048576K
}
Event: 5.277 GC heap before
{Heap before GC invocations=14 (full 2):
 PSYoungGen      total 24576K, used 23040K [0x00000000d5580000, 0x00000000d7300000, 0x0000000100000000)
  eden space 23040K, 100% used [0x00000000d5580000,0x00000000d6c00000,0x00000000d6c00000)
  from space 1536K, 0% used [0x00000000d6e00000,0x00000000d6e00000,0x00000000d6f80000)
  to   space 2048K, 0% used [0x00000000d7100000,0x00000000d7100000,0x00000000d7300000)
 ParOldGen       total 68608K, used 16400K [0x0000000080000000, 0x0000000084300000, 0x00000000d5580000)
  object space 68608K, 23% used [0x0000000080000000,0x0000000081004088,0x0000000084300000)
 Metaspace       used 35897K, committed 36864K, reserved 1114112K
  class space    used 3686K, committed 4096K, reserved 1048576K
}
Event: 5.280 GC heap after
{Heap after GC invocations=14 (full 2):
 PSYoungGen      total 24576K, used 1888K [0x00000000d5580000, 0x00000000d7300000, 0x0000000100000000)
  eden space 22528K, 0% used [0x00000000d5580000,0x00000000d5580000,0x00000000d6b80000)
  from space 2048K, 92% used [0x00000000d7100000,0x00000000d72d8010,0x00000000d7300000)
  to   space 2048K, 0% used [0x00000000d6f00000,0x00000000d6f00000,0x00000000d7100000)
 ParOldGen       total 68608K, used 16408K [0x0000000080000000, 0x0000000084300000, 0x00000000d5580000)
  object space 68608K, 23% used [0x0000000080000000,0x0000000081006088,0x0000000084300000)
 Metaspace       used 35897K, committed 36864K, reserved 1114112K
  class space    used 3686K, committed 4096K, reserved 1048576K
}
Event: 5.350 GC heap before
{Heap before GC invocations=15 (full 2):
 PSYoungGen      total 24576K, used 24416K [0x00000000d5580000, 0x00000000d7300000, 0x0000000100000000)
  eden space 22528K, 100% used [0x00000000d5580000,0x00000000d6b80000,0x00000000d6b80000)
  from space 2048K, 92% used [0x00000000d7100000,0x00000000d72d8010,0x00000000d7300000)
  to   space 2048K, 0% used [0x00000000d6f00000,0x00000000d6f00000,0x00000000d7100000)
 ParOldGen       total 68608K, used 16408K [0x0000000080000000, 0x0000000084300000, 0x00000000d5580000)
  object space 68608K, 23% used [0x0000000080000000,0x0000000081006088,0x0000000084300000)
 Metaspace       used 36235K, committed 37184K, reserved 1114112K
  class space    used 3731K, committed 4160K, reserved 1048576K
}
Event: 5.354 GC heap after
{Heap after GC invocations=15 (full 2):
 PSYoungGen      total 24064K, used 2033K [0x00000000d5580000, 0x00000000d7400000, 0x0000000100000000)
  eden space 22016K, 0% used [0x00000000d5580000,0x00000000d5580000,0x00000000d6b00000)
  from space 2048K, 99% used [0x00000000d6f00000,0x00000000d70fc400,0x00000000d7100000)
  to   space 3072K, 0% used [0x00000000d7100000,0x00000000d7100000,0x00000000d7400000)
 ParOldGen       total 68608K, used 18240K [0x0000000080000000, 0x0000000084300000, 0x00000000d5580000)
  object space 68608K, 26% used [0x0000000080000000,0x00000000811d00a8,0x0000000084300000)
 Metaspace       used 36235K, committed 37184K, reserved 1114112K
  class space    used 3731K, committed 4160K, reserved 1048576K
}
Event: 5.446 GC heap before
{Heap before GC invocations=16 (full 2):
 PSYoungGen      total 24064K, used 24042K [0x00000000d5580000, 0x00000000d7400000, 0x0000000100000000)
  eden space 22016K, 99% used [0x00000000d5580000,0x00000000d6afe510,0x00000000d6b00000)
  from space 2048K, 99% used [0x00000000d6f00000,0x00000000d70fc400,0x00000000d7100000)
  to   space 3072K, 0% used [0x00000000d7100000,0x00000000d7100000,0x00000000d7400000)
 ParOldGen       total 68608K, used 18240K [0x0000000080000000, 0x0000000084300000, 0x00000000d5580000)
  object space 68608K, 26% used [0x0000000080000000,0x00000000811d00a8,0x0000000084300000)
 Metaspace       used 36646K, committed 37632K, reserved 1114112K
  class space    used 3783K, committed 4224K, reserved 1048576K
}
Event: 5.452 GC heap after
{Heap after GC invocations=16 (full 2):
 PSYoungGen      total 24576K, used 2146K [0x00000000d5580000, 0x00000000d7380000, 0x0000000100000000)
  eden space 22016K, 0% used [0x00000000d5580000,0x00000000d5580000,0x00000000d6b00000)
  from space 2560K, 83% used [0x00000000d7100000,0x00000000d7318810,0x00000000d7380000)
  to   space 3072K, 0% used [0x00000000d6d80000,0x00000000d6d80000,0x00000000d7080000)
 ParOldGen       total 68608K, used 20184K [0x0000000080000000, 0x0000000084300000, 0x00000000d5580000)
  object space 68608K, 29% used [0x0000000080000000,0x00000000813b60a8,0x0000000084300000)
 Metaspace       used 36646K, committed 37632K, reserved 1114112K
  class space    used 3783K, committed 4224K, reserved 1048576K
}
Event: 5.496 GC heap before
{Heap before GC invocations=17 (full 2):
 PSYoungGen      total 24576K, used 24162K [0x00000000d5580000, 0x00000000d7380000, 0x0000000100000000)
  eden space 22016K, 100% used [0x00000000d5580000,0x00000000d6b00000,0x00000000d6b00000)
  from space 2560K, 83% used [0x00000000d7100000,0x00000000d7318810,0x00000000d7380000)
  to   space 3072K, 0% used [0x00000000d6d80000,0x00000000d6d80000,0x00000000d7080000)
 ParOldGen       total 68608K, used 20184K [0x0000000080000000, 0x0000000084300000, 0x00000000d5580000)
  object space 68608K, 29% used [0x0000000080000000,0x00000000813b60a8,0x0000000084300000)
 Metaspace       used 36933K, committed 37888K, reserved 1114112K
  class space    used 3799K, committed 4224K, reserved 1048576K
}
Event: 5.502 GC heap after
{Heap after GC invocations=17 (full 2):
 PSYoungGen      total 24576K, used 2243K [0x00000000d5580000, 0x00000000d7180000, 0x0000000100000000)
  eden space 22016K, 0% used [0x00000000d5580000,0x00000000d5580000,0x00000000d6b00000)
  from space 2560K, 87% used [0x00000000d6d80000,0x00000000d6fb0f60,0x00000000d7000000)
  to   space 1536K, 0% used [0x00000000d7000000,0x00000000d7000000,0x00000000d7180000)
 ParOldGen       total 68608K, used 22184K [0x0000000080000000, 0x0000000084300000, 0x00000000d5580000)
  object space 68608K, 32% used [0x0000000080000000,0x00000000815aa0b8,0x0000000084300000)
 Metaspace       used 36933K, committed 37888K, reserved 1114112K
  class space    used 3799K, committed 4224K, reserved 1048576K
}
Event: 5.729 GC heap before
{Heap before GC invocations=18 (full 2):
 PSYoungGen      total 24576K, used 24259K [0x00000000d5580000, 0x00000000d7180000, 0x0000000100000000)
  eden space 22016K, 100% used [0x00000000d5580000,0x00000000d6b00000,0x00000000d6b00000)
  from space 2560K, 87% used [0x00000000d6d80000,0x00000000d6fb0f60,0x00000000d7000000)
  to   space 1536K, 0% used [0x00000000d7000000,0x00000000d7000000,0x00000000d7180000)
 ParOldGen       total 68608K, used 22184K [0x0000000080000000, 0x0000000084300000, 0x00000000d5580000)
  object space 68608K, 32% used [0x0000000080000000,0x00000000815aa0b8,0x0000000084300000)
 Metaspace       used 37267K, committed 38336K, reserved 1114112K
  class space    used 3828K, committed 4288K, reserved 1048576K
}
Event: 5.734 GC heap after
{Heap after GC invocations=18 (full 2):
 PSYoungGen      total 23040K, used 1520K [0x00000000d5580000, 0x00000000d7600000, 0x0000000100000000)
  eden space 21504K, 0% used [0x00000000d5580000,0x00000000d5580000,0x00000000d6a80000)
  from space 1536K, 98% used [0x00000000d7000000,0x00000000d717c010,0x00000000d7180000)
  to   space 5632K, 0% used [0x00000000d6a80000,0x00000000d6a80000,0x00000000d7000000)
 ParOldGen       total 68608K, used 25380K [0x0000000080000000, 0x0000000084300000, 0x00000000d5580000)
  object space 68608K, 36% used [0x0000000080000000,0x00000000818c9250,0x0000000084300000)
 Metaspace       used 37267K, committed 38336K, reserved 1114112K
  class space    used 3828K, committed 4288K, reserved 1048576K
}

